<?xml version="1.0" encoding="UTF-8"?>
<testsuite xmlns:xsi="http://www.w3.org/2001/XMLSchema-instance" xsi:noNamespaceSchemaLocation="https://maven.apache.org/surefire/maven-surefire-plugin/xsd/surefire-test-report-3.0.xsd" version="3.0" name="testRunner.TestRunner" time="39.314" tests="3" errors="0" skipped="0" failures="1">
  <properties>
[...]
</properties>
  <testcase name="Login with valid credentials" classname="Login" time="16.768">
    <system-out><![CDATA[
@sanity
Scenario: Login with valid credentials                                  # Features/Login.feature:9
  Given Launch chrome browser                                           # stepDefinations.Steps.launch_chrome_browser()
  When Enter the URL "http://admin-demo.nopcommerce.com/login"          # stepDefinations.Steps.enter_the_url(java.lang.String)
  Then Enter the Email as "admin@yourstore.com" and Password as "admin" # stepDefinations.Steps.enter_the_email_as_and_password_as(java.lang.String,java.lang.String)
  And Click on login button                                             # stepDefinations.Steps.click_on_login_button()
  Then Page title should be "Dashboard / nopCommerce administration"    # stepDefinations.Steps.page_title_should_be(java.lang.String)
  Then Click on logout button                                           # stepDefinations.Steps.click_on_logout_button()
  Then Page title should be "Your store. Login"                         # stepDefinations.Steps.page_title_should_be(java.lang.String)
  And Close the browser                                                 # stepDefinations.Steps.close_the_browser()
]]></system-out>
    <system-err><![CDATA[SLF4J: Failed to load class "org.slf4j.impl.StaticLoggerBinder".
SLF4J: Defaulting to no-operation (NOP) logger implementation
SLF4J: See http://www.slf4j.org/codes.html#StaticLoggerBinder for further details.
Starting ChromeDriver 114.0.5735.90 (386bc09e8f4f2e025eddae123f36f6263096ae49-refs/branch-heads/5735@{#1052}) on port 25032
Only local connections are allowed.
Please see https://chromedriver.chromium.org/security-considerations for suggestions on keeping ChromeDriver safe.
ChromeDriver was started successfully.
Jul 10, 2023 6:07:18 PM org.openqa.selenium.devtools.CdpVersionFinder findNearestMatch
WARNING: Unable to find an exact match for CDP version 114, so returning the closest version found: 113
]]></system-err>
  </testcase>
  <testcase name="Check the Login functionality with multiple sets of data #1" classname="Login" time="14.313">
    <system-out><![CDATA[
@regression
Scenario Outline: Check the Login functionality with multiple sets of data # Features/Login.feature:28
  Given Launch chrome browser                                              # stepDefinations.Steps.launch_chrome_browser()
  When Enter the URL "http://admin-demo.nopcommerce.com/login"             # stepDefinations.Steps.enter_the_url(java.lang.String)
  Then Enter the Email as "admin@yourstore.com" and Password as "admin"    # stepDefinations.Steps.enter_the_email_as_and_password_as(java.lang.String,java.lang.String)
  And Click on login button                                                # stepDefinations.Steps.click_on_login_button()
  Then Page title should be "Dashboard / nopCommerce administration"       # stepDefinations.Steps.page_title_should_be(java.lang.String)
  Then Click on logout button                                              # stepDefinations.Steps.click_on_logout_button()
  Then Page title should be "Your store. Login"                            # stepDefinations.Steps.page_title_should_be(java.lang.String)
  And Close the browser                                                    # stepDefinations.Steps.close_the_browser()
]]></system-out>
    <system-err><![CDATA[Starting ChromeDriver 114.0.5735.90 (386bc09e8f4f2e025eddae123f36f6263096ae49-refs/branch-heads/5735@{#1052}) on port 20718
Only local connections are allowed.
Please see https://chromedriver.chromium.org/security-considerations for suggestions on keeping ChromeDriver safe.
ChromeDriver was started successfully.
Jul 10, 2023 6:07:33 PM org.openqa.selenium.devtools.CdpVersionFinder findNearestMatch
WARNING: Unable to find an exact match for CDP version 114, so returning the closest version found: 113
]]></system-err>
  </testcase>
  <testcase name="Check the Login functionality with multiple sets of data #2" classname="Login" time="6.667">
    <failure type="java.lang.AssertionError"><![CDATA[java.lang.AssertionError
	at org.junit.Assert.fail(Assert.java:87)
	at org.junit.Assert.assertTrue(Assert.java:42)
	at org.junit.Assert.assertTrue(Assert.java:53)
	at stepDefinations.Steps.page_title_should_be(Steps.java:40)
	at ✽.Page title should be "Dashboard / nopCommerce administration"(file:///D:/Tanju/IntelliJ/Cucumber_Project/Features/Login.feature:21)
]]></failure>
    <system-out><![CDATA[
@regression
Scenario Outline: Check the Login functionality with multiple sets of data  # Features/Login.feature:29
  Given Launch chrome browser                                               # stepDefinations.Steps.launch_chrome_browser()
  When Enter the URL "http://admin-demo.nopcommerce.com/login"              # stepDefinations.Steps.enter_the_url(java.lang.String)
  Then Enter the Email as "admin1@yourstore.com" and Password as "admin123" # stepDefinations.Steps.enter_the_email_as_and_password_as(java.lang.String,java.lang.String)
  And Click on login button                                                 # stepDefinations.Steps.click_on_login_button()
  Then Page title should be "Dashboard / nopCommerce administration"        # stepDefinations.Steps.page_title_should_be(java.lang.String)
      java.lang.AssertionError
	at org.junit.Assert.fail(Assert.java:87)
	at org.junit.Assert.assertTrue(Assert.java:42)
	at org.junit.Assert.assertTrue(Assert.java:53)
	at stepDefinations.Steps.page_title_should_be(Steps.java:40)
	at ✽.Page title should be "Dashboard / nopCommerce administration"(file:///D:/Tanju/IntelliJ/Cucumber_Project/Features/Login.feature:21)

  Then Click on logout button                                               # stepDefinations.Steps.click_on_logout_button()
  Then Page title should be "Your store. Login"                             # stepDefinations.Steps.page_title_should_be(java.lang.String)
  And Close the browser                                                     # stepDefinations.Steps.close_the_browser()
]]></system-out>
    <system-err><![CDATA[Starting ChromeDriver 114.0.5735.90 (386bc09e8f4f2e025eddae123f36f6263096ae49-refs/branch-heads/5735@{#1052}) on port 6782
Only local connections are allowed.
Please see https://chromedriver.chromium.org/security-considerations for suggestions on keeping ChromeDriver safe.
ChromeDriver was started successfully.
Jul 10, 2023 6:07:48 PM org.openqa.selenium.devtools.CdpVersionFinder findNearestMatch
WARNING: Unable to find an exact match for CDP version 114, so returning the closest version found: 113
]]></system-err>
  </testcase>
</testsuite>